<?xml version="1.0" encoding="UTF-8"?>
<testsuite xmlns:xsi="http://www.w3.org/2001/XMLSchema-instance" xsi:noNamespaceSchemaLocation="https://maven.apache.org/surefire/maven-surefire-plugin/xsd/surefire-test-report.xsd" name="MyTest" time="1.583" tests="16" errors="0" skipped="0" failures="0">
  <properties>
[...]
</properties>
  <testcase name="testlevelAI" classname="MyTest" time="0.167"/>
  <testcase name="testlevel1" classname="MyTest" time="0.069"/>
  <testcase name="testlevels" classname="MyTest" time="0.094"/>
  <testcase name="stringBoard" classname="MyTest" time="0.06"/>
  <testcase name="testlevel2_3" classname="MyTest" time="0.052"/>
  <testcase name="testlevelAI1" classname="MyTest" time="0.052"/>
  <testcase name="testlevelAI2" classname="MyTest" time="0.054"/>
  <testcase name="testlevelAI4" classname="MyTest" time="0.063"/>
  <testcase name="testsize" classname="MyTest" time="0.057"/>
  <testcase name="stringBoard2" classname="MyTest" time="0.102"/>
  <testcase name="SwitchBoard2" classname="MyTest" time="0.104"/>
  <testcase name="SwitchBoard3" classname="MyTest" time="0.113"/>
  <testcase name="testlevelAI21" classname="MyTest" time="0.121"/>
  <testcase name="testlevelAI32" classname="MyTest" time="0.12"/>
  <testcase name="testlevelAI33" classname="MyTest" time="0.12"/>
  <testcase name="testlevelAI34" classname="MyTest" time="0.227"/>
</testsuite>